0 info it worked if it ends with ok
1 verbose cli [ 'C:\\nodejs\\\\node.exe',
1 verbose cli   'C:\\nodejs\\node_modules\\npm\\bin\\npm-cli.js',
1 verbose cli   'run',
1 verbose cli   'lite' ]
2 info using npm@1.4.14
3 info using node@v0.10.29
4 verbose node symlink C:\nodejs\\node.exe
5 verbose run-script [ 'prelite', 'lite', 'postlite' ]
6 info prelite angular-2@1.0.0
7 info lite angular-2@1.0.0
8 verbose unsafe-perm in lifecycle true
9 info angular-2@1.0.0 Failed to exec lite script
10 error angular-2@1.0.0 lite: `lite-server`
10 error Exit status 8
11 error Failed at the angular-2@1.0.0 lite script.
11 error This is most likely a problem with the angular-2 package,
11 error not with npm itself.
11 error Tell the author that this fails on your system:
11 error     lite-server
11 error You can get their info via:
11 error     npm owner ls angular-2
11 error There is likely additional logging output above.
12 error System Windows_NT 6.2.9200
13 error command "C:\\nodejs\\\\node.exe" "C:\\nodejs\\node_modules\\npm\\bin\\npm-cli.js" "run" "lite"
14 error cwd C:\IG\angular-2-template
15 error node -v v0.10.29
16 error npm -v 1.4.14
17 error code ELIFECYCLE
18 verbose exit [ 1, true ]
